# JRE version: OpenJDK Runtime Environment (8.0_242-b01) (build 1.8.0_242-release-1644-b01)
# Java VM: OpenJDK 64-Bit Server VM (25.242-b01 mixed mode windows-amd64 compressed oops)
Heap:
 PSYoungGen      total 535040K, used 35262K [0x00000000d5580000, 0x0000000100000000, 0x0000000100000000)
  eden space 436736K, 2% used [0x00000000d5580000,0x00000000d5ee5a78,0x00000000f0000000)
  from space 98304K, 26% used [0x00000000fa000000,0x00000000fb90a008,0x0000000100000000)
  to   space 131072K, 0% used [0x00000000f0000000,0x00000000f0000000,0x00000000f8000000)
 ParOldGen       total 430592K, used 237973K [0x0000000080000000, 0x000000009a480000, 0x00000000d5580000)
  object space 430592K, 55% used [0x0000000080000000,0x000000008e8654c8,0x000000009a480000)
 Metaspace       used 211277K, capacity 222134K, committed 222488K, reserved 1243136K
  class space    used 27371K, capacity 29396K, committed 29488K, reserved 1048576K
GC Heap History (10 events):
Event: 1204.882 GC heap before
{Heap before GC invocations=48 (full 6):
 PSYoungGen      total 628224K, used 628192K [0x00000000d5580000, 0x0000000100000000, 0x0000000100000000)
  eden space 557568K, 100% used [0x00000000d5580000,0x00000000f7600000,0x00000000f7600000)
  from space 70656K, 99% used [0x00000000f7600000,0x00000000fbaf8298,0x00000000fbb00000)
  to   space 70656K, 0% used [0x00000000fbb00000,0x00000000fbb00000,0x0000000100000000)
 ParOldGen       total 264704K, used 140390K [0x0000000080000000, 0x0000000090280000, 0x00000000d5580000)
  object space 264704K, 53% used [0x0000000080000000,0x0000000088919a98,0x0000000090280000)
 Metaspace       used 189027K, capacity 198306K, committed 198552K, reserved 1222656K
  class space    used 24584K, capacity 26271K, committed 26288K, reserved 1048576K
Event: 1205.686 GC heap after
Heap after GC invocations=48 (full 6):
 PSYoungGen      total 569856K, used 58463K [0x00000000d5580000, 0x0000000100000000, 0x0000000100000000)
  eden space 499200K, 0% used [0x00000000d5580000,0x00000000d5580000,0x00000000f3d00000)
  from space 70656K, 82% used [0x00000000fbb00000,0x00000000ff417d50,0x0000000100000000)
  to   space 99840K, 0% used [0x00000000f3d00000,0x00000000f3d00000,0x00000000f9e80000)
 ParOldGen       total 264704K, used 159040K [0x0000000080000000, 0x0000000090280000, 0x00000000d5580000)
  object space 264704K, 60% used [0x0000000080000000,0x0000000089b500b0,0x0000000090280000)
 Metaspace       used 189027K, capacity 198306K, committed 198552K, reserved 1222656K
  class space    used 24584K, capacity 26271K, committed 26288K, reserved 1048576K
}
Event: 1262.545 GC heap before
{Heap before GC invocations=49 (full 6):
 PSYoungGen      total 569856K, used 557663K [0x00000000d5580000, 0x0000000100000000, 0x0000000100000000)
  eden space 499200K, 100% used [0x00000000d5580000,0x00000000f3d00000,0x00000000f3d00000)
  from space 70656K, 82% used [0x00000000fbb00000,0x00000000ff417d50,0x0000000100000000)
  to   space 99840K, 0% used [0x00000000f3d00000,0x00000000f3d00000,0x00000000f9e80000)
 ParOldGen       total 264704K, used 159040K [0x0000000080000000, 0x0000000090280000, 0x00000000d5580000)
  object space 264704K, 60% used [0x0000000080000000,0x0000000089b500b0,0x0000000090280000)
 Metaspace       used 194855K, capacity 204336K, committed 204696K, reserved 1226752K
  class space    used 25213K, capacity 26956K, committed 27056K, reserved 1048576K
Event: 1262.920 GC heap after
Heap after GC invocations=49 (full 6):
 PSYoungGen      total 599040K, used 44616K [0x00000000d5580000, 0x0000000100000000, 0x0000000100000000)
  eden space 499200K, 0% used [0x00000000d5580000,0x00000000d5580000,0x00000000f3d00000)
  from space 99840K, 44% used [0x00000000f3d00000,0x00000000f6892038,0x00000000f9e80000)
  to   space 96768K, 0% used [0x00000000fa180000,0x00000000fa180000,0x0000000100000000)
 ParOldGen       total 264704K, used 159048K [0x0000000080000000, 0x0000000090280000, 0x00000000d5580000)
  object space 264704K, 60% used [0x0000000080000000,0x0000000089b520b0,0x0000000090280000)
 Metaspace       used 194855K, capacity 204336K, committed 204696K, reserved 1226752K
  class space    used 25213K, capacity 26956K, committed 27056K, reserved 1048576K
}
Event: 1520.804 GC heap before
{Heap before GC invocations=50 (full 6):
 PSYoungGen      total 599040K, used 543816K [0x00000000d5580000, 0x0000000100000000, 0x0000000100000000)
  eden space 499200K, 100% used [0x00000000d5580000,0x00000000f3d00000,0x00000000f3d00000)
  from space 99840K, 44% used [0x00000000f3d00000,0x00000000f6892038,0x00000000f9e80000)
  to   space 96768K, 0% used [0x00000000fa180000,0x00000000fa180000,0x0000000100000000)
 ParOldGen       total 264704K, used 159048K [0x0000000080000000, 0x0000000090280000, 0x00000000d5580000)
  object space 264704K, 60% used [0x0000000080000000,0x0000000089b520b0,0x0000000090280000)
 Metaspace       used 205170K, capacity 215976K, committed 216216K, reserved 1236992K
  class space    used 26751K, capacity 28775K, committed 28848K, reserved 1048576K
Event: 1521.050 GC heap after
Heap after GC invocations=50 (full 6):
 PSYoungGen      total 599040K, used 55795K [0x00000000d5580000, 0x0000000100000000, 0x0000000100000000)
  eden space 502272K, 0% used [0x00000000d5580000,0x00000000d5580000,0x00000000f4000000)
  from space 96768K, 57% used [0x00000000fa180000,0x00000000fd7fce38,0x0000000100000000)
  to   space 98304K, 0% used [0x00000000f4000000,0x00000000f4000000,0x00000000fa000000)
 ParOldGen       total 264704K, used 159056K [0x0000000080000000, 0x0000000090280000, 0x00000000d5580000)
  object space 264704K, 60% used [0x0000000080000000,0x0000000089b540b0,0x0000000090280000)
 Metaspace       used 205170K, capacity 215976K, committed 216216K, reserved 1236992K
  class space    used 26751K, capacity 28775K, committed 28848K, reserved 1048576K
}
Event: 1534.400 GC heap before
{Heap before GC invocations=51 (full 6):
 PSYoungGen      total 599040K, used 558067K [0x00000000d5580000, 0x0000000100000000, 0x0000000100000000)
  eden space 502272K, 100% used [0x00000000d5580000,0x00000000f4000000,0x00000000f4000000)
  from space 96768K, 57% used [0x00000000fa180000,0x00000000fd7fce38,0x0000000100000000)
  to   space 98304K, 0% used [0x00000000f4000000,0x00000000f4000000,0x00000000fa000000)
 ParOldGen       total 264704K, used 159056K [0x0000000080000000, 0x0000000090280000, 0x00000000d5580000)
  object space 264704K, 60% used [0x0000000080000000,0x0000000089b540b0,0x0000000090280000)
 Metaspace       used 210070K, capacity 220988K, committed 221208K, reserved 1241088K
  class space    used 27304K, capacity 29367K, committed 29488K, reserved 1048576K
Event: 1535.760 GC heap after
Heap after GC invocations=51 (full 6):
 PSYoungGen      total 600576K, used 98299K [0x00000000d5580000, 0x0000000100000000, 0x0000000100000000)
  eden space 502272K, 0% used [0x00000000d5580000,0x00000000d5580000,0x00000000f4000000)
  from space 98304K, 99% used [0x00000000f4000000,0x00000000f9ffee28,0x00000000fa000000)
  to   space 98304K, 0% used [0x00000000fa000000,0x00000000fa000000,0x0000000100000000)
 ParOldGen       total 264704K, used 215457K [0x0000000080000000, 0x0000000090280000, 0x00000000d5580000)
  object space 264704K, 81% used [0x0000000080000000,0x000000008d268658,0x0000000090280000)
 Metaspace       used 210070K, capacity 220988K, committed 221208K, reserved 1241088K
  class space    used 27304K, capacity 29367K, committed 29488K, reserved 1048576K
}
Event: 1535.796 GC heap before
{Heap before GC invocations=52 (full 7):
 PSYoungGen      total 600576K, used 98299K [0x00000000d5580000, 0x0000000100000000, 0x0000000100000000)
  eden space 502272K, 0% used [0x00000000d5580000,0x00000000d5580000,0x00000000f4000000)
  from space 98304K, 99% used [0x00000000f4000000,0x00000000f9ffee28,0x00000000fa000000)
  to   space 98304K, 0% used [0x00000000fa000000,0x00000000fa000000,0x0000000100000000)
 ParOldGen       total 264704K, used 215457K [0x0000000080000000, 0x0000000090280000, 0x00000000d5580000)
  object space 264704K, 81% used [0x0000000080000000,0x000000008d268658,0x0000000090280000)
 Metaspace       used 210070K, capacity 220988K, committed 221208K, reserved 1241088K
  class space    used 27304K, capacity 29367K, committed 29488K, reserved 1048576K
Event: 1537.844 GC heap after
Heap after GC invocations=52 (full 7):
 PSYoungGen      total 600576K, used 0K [0x00000000d5580000, 0x0000000100000000, 0x0000000100000000)
  eden space 502272K, 0% used [0x00000000d5580000,0x00000000d5580000,0x00000000f4000000)
  from space 98304K, 0% used [0x00000000f4000000,0x00000000f4000000,0x00000000fa000000)
  to   space 98304K, 0% used [0x00000000fa000000,0x00000000fa000000,0x0000000100000000)
 ParOldGen       total 430592K, used 237965K [0x0000000080000000, 0x000000009a480000, 0x00000000d5580000)
  object space 430592K, 55% used [0x0000000080000000,0x000000008e8634c8,0x000000009a480000)
 Metaspace       used 209937K, capacity 220600K, committed 221208K, reserved 1241088K
  class space    used 27258K, capacity 29285K, committed 29488K, reserved 1048576K
}

